000 (103126.000.000) 06/27 13:16:09 Job submitted from host: <10.141.225.107:9618?addrs=10.141.225.107-9618&noUDP&sock=1538_84bf_3>
...
001 (103126.000.000) 06/27 13:17:30 Job executing on host: <10.141.0.204:9618?addrs=10.141.0.204-9618&alias=node204.cm.cluster&noUDP&sock=startd_3961_7eb9>
...
006 (103126.000.000) 06/27 13:17:38 Image size of job updated: 10820
	8  -  MemoryUsage of job (MB)
	8096  -  ResidentSetSize of job (KB)
...
006 (103126.000.000) 06/27 13:19:23 Image size of job updated: 738908
	8  -  MemoryUsage of job (MB)
	8096  -  ResidentSetSize of job (KB)
...
005 (103126.000.000) 06/27 13:19:24 Job terminated.
	(1) Normal termination (return value 0)
		Usr 0 00:00:56, Sys 0 00:00:05  -  Run Remote Usage
		Usr 0 00:00:00, Sys 0 00:00:00  -  Run Local Usage
		Usr 0 00:00:56, Sys 0 00:00:05  -  Total Remote Usage
		Usr 0 00:00:00, Sys 0 00:00:00  -  Total Local Usage
	119906  -  Run Bytes Sent By Job
	184  -  Run Bytes Received By Job
	119906  -  Total Bytes Sent By Job
	184  -  Total Bytes Received By Job
	Partitionable Resources :    Usage  Request Allocated 
	   Cpus                 :     0.18        1         1 
	   Disk (KB)            :   142    15728640  17631068 
	   Memory (MB)          :     8        2048      2100 
...
