000 (102191.000.000) 06/17 00:44:06 Job submitted from host: <10.141.225.107:9618?addrs=10.141.225.107-9618&noUDP&sock=1538_84bf_3>
...
001 (102191.000.000) 06/17 00:44:31 Job executing on host: <10.141.0.88:9618?addrs=10.141.0.88-9618&alias=node088.cm.cluster&noUDP&sock=startd_4376_2686>
...
006 (102191.000.000) 06/17 00:44:39 Image size of job updated: 1948
	2  -  MemoryUsage of job (MB)
	1948  -  ResidentSetSize of job (KB)
...
006 (102191.000.000) 06/17 00:49:39 Image size of job updated: 650736
	180  -  MemoryUsage of job (MB)
	184180  -  ResidentSetSize of job (KB)
...
006 (102191.000.000) 06/17 00:52:01 Image size of job updated: 745896
	180  -  MemoryUsage of job (MB)
	184180  -  ResidentSetSize of job (KB)
...
005 (102191.000.000) 06/17 00:52:01 Job terminated.
	(1) Normal termination (return value 0)
		Usr 0 00:02:07, Sys 0 00:00:06  -  Run Remote Usage
		Usr 0 00:00:00, Sys 0 00:00:00  -  Run Local Usage
		Usr 0 00:02:07, Sys 0 00:00:06  -  Total Remote Usage
		Usr 0 00:00:00, Sys 0 00:00:00  -  Total Local Usage
	250106  -  Run Bytes Sent By Job
	184  -  Run Bytes Received By Job
	250106  -  Total Bytes Sent By Job
	184  -  Total Bytes Received By Job
	Partitionable Resources :    Usage  Request Allocated 
	   Cpus                 :     0.43        1         1 
	   Disk (KB)            :   269    15728640  16717479 
	   Memory (MB)          :   180        2048      2100 
...
