000 (103417.000.000) 06/29 03:09:48 Job submitted from host: <10.141.225.107:9618?addrs=10.141.225.107-9618&noUDP&sock=1538_84bf_3>
...
001 (103417.000.000) 06/29 03:10:14 Job executing on host: <10.141.0.144:9618?addrs=10.141.0.144-9618&alias=node144.cm.cluster&noUDP&sock=startd_3733_1b21>
...
006 (103417.000.000) 06/29 03:10:23 Image size of job updated: 35484
	1  -  MemoryUsage of job (MB)
	400  -  ResidentSetSize of job (KB)
...
006 (103417.000.000) 06/29 03:15:24 Image size of job updated: 1164592
	248  -  MemoryUsage of job (MB)
	253764  -  ResidentSetSize of job (KB)
...
005 (103417.000.000) 06/29 03:15:56 Job terminated.
	(1) Normal termination (return value 0)
		Usr 0 00:02:51, Sys 0 00:00:09  -  Run Remote Usage
		Usr 0 00:00:00, Sys 0 00:00:00  -  Run Local Usage
		Usr 0 00:02:51, Sys 0 00:00:09  -  Total Remote Usage
		Usr 0 00:00:00, Sys 0 00:00:00  -  Total Local Usage
	103620  -  Run Bytes Sent By Job
	184  -  Run Bytes Received By Job
	103620  -  Total Bytes Sent By Job
	184  -  Total Bytes Received By Job
	Partitionable Resources :    Usage  Request Allocated 
	   Cpus                 :     0.09        1         1 
	   Disk (KB)            :   126    15728640  18219846 
	   Memory (MB)          :   248        2048      2100 
...
