000 (103420.000.000) 06/29 03:31:40 Job submitted from host: <10.141.225.107:9618?addrs=10.141.225.107-9618&noUDP&sock=1538_84bf_3>
...
001 (103420.000.000) 06/29 03:31:41 Job executing on host: <10.141.0.156:9618?addrs=10.141.0.156-9618&alias=node156.cm.cluster&noUDP&sock=startd_3745_5644>
...
006 (103420.000.000) 06/29 03:31:50 Image size of job updated: 1140
	1  -  MemoryUsage of job (MB)
	616  -  ResidentSetSize of job (KB)
...
006 (103420.000.000) 06/29 03:36:51 Image size of job updated: 1103572
	195  -  MemoryUsage of job (MB)
	198720  -  ResidentSetSize of job (KB)
...
005 (103420.000.000) 06/29 03:38:13 Job terminated.
	(1) Normal termination (return value 0)
		Usr 0 00:02:53, Sys 0 00:00:08  -  Run Remote Usage
		Usr 0 00:00:00, Sys 0 00:00:00  -  Run Local Usage
		Usr 0 00:02:53, Sys 0 00:00:08  -  Total Remote Usage
		Usr 0 00:00:00, Sys 0 00:00:00  -  Total Local Usage
	107457  -  Run Bytes Sent By Job
	184  -  Run Bytes Received By Job
	107457  -  Total Bytes Sent By Job
	184  -  Total Bytes Received By Job
	Partitionable Resources :    Usage  Request Allocated 
	   Cpus                 :     0.70        1         1 
	   Disk (KB)            :   130    15728640  18193303 
	   Memory (MB)          :   195        2048      2100 
...
