000 (103128.000.000) 06/27 13:47:10 Job submitted from host: <10.141.225.107:9618?addrs=10.141.225.107-9618&noUDP&sock=1538_84bf_3>
...
001 (103128.000.000) 06/27 13:50:32 Job executing on host: <10.141.0.204:9618?addrs=10.141.0.204-9618&alias=node204.cm.cluster&noUDP&sock=startd_3961_7eb9>
...
006 (103128.000.000) 06/27 13:50:41 Image size of job updated: 107292
	22  -  MemoryUsage of job (MB)
	22104  -  ResidentSetSize of job (KB)
...
006 (103128.000.000) 06/27 13:52:22 Image size of job updated: 1064128
	22  -  MemoryUsage of job (MB)
	22104  -  ResidentSetSize of job (KB)
...
005 (103128.000.000) 06/27 13:52:22 Job terminated.
	(1) Normal termination (return value 0)
		Usr 0 00:01:18, Sys 0 00:00:07  -  Run Remote Usage
		Usr 0 00:00:00, Sys 0 00:00:00  -  Run Local Usage
		Usr 0 00:01:18, Sys 0 00:00:07  -  Total Remote Usage
		Usr 0 00:00:00, Sys 0 00:00:00  -  Total Local Usage
	106697  -  Run Bytes Sent By Job
	184  -  Run Bytes Received By Job
	106697  -  Total Bytes Sent By Job
	184  -  Total Bytes Received By Job
	Partitionable Resources :    Usage  Request Allocated 
	   Cpus                 :        0        1         1 
	   Disk (KB)            :      129 15728640  17631068 
	   Memory (MB)          :       22     2048      2100 
...
