000 (104371.000.000) 07/17 14:46:16 Job submitted from host: <10.141.225.107:9618?addrs=10.141.225.107-9618&noUDP&sock=1538_84bf_3>
...
001 (104371.000.000) 07/17 14:46:26 Job executing on host: <10.141.0.189:9618?addrs=10.141.0.189-9618&alias=node189.cm.cluster&noUDP&sock=startd_4101_85fb>
...
006 (104371.000.000) 07/17 14:46:34 Image size of job updated: 134096
	2  -  MemoryUsage of job (MB)
	1912  -  ResidentSetSize of job (KB)
...
006 (104371.000.000) 07/17 14:50:34 Image size of job updated: 644804
	8  -  MemoryUsage of job (MB)
	7396  -  ResidentSetSize of job (KB)
...
005 (104371.000.000) 07/17 14:50:34 Job terminated.
	(1) Normal termination (return value 134)
		Usr 0 00:00:52, Sys 0 00:00:06  -  Run Remote Usage
		Usr 0 00:00:00, Sys 0 00:00:00  -  Run Local Usage
		Usr 0 00:00:52, Sys 0 00:00:06  -  Total Remote Usage
		Usr 0 00:00:00, Sys 0 00:00:00  -  Total Local Usage
	15152  -  Run Bytes Sent By Job
	184  -  Run Bytes Received By Job
	15152  -  Total Bytes Sent By Job
	184  -  Total Bytes Received By Job
	Partitionable Resources :    Usage  Request Allocated 
	   Cpus                 :     0.34        1         1 
	   Disk (KB)            :    39    15728640  17896585 
	   Memory (MB)          :     8        2048      2100 
...
