000 (103080.000.000) 06/26 18:13:32 Job submitted from host: <10.141.225.107:9618?addrs=10.141.225.107-9618&noUDP&sock=1538_84bf_3>
...
001 (103080.000.000) 06/26 18:13:56 Job executing on host: <10.141.0.197:9618?addrs=10.141.0.197-9618&alias=node197.cm.cluster&noUDP&sock=startd_3826_e570>
...
006 (103080.000.000) 06/26 18:14:05 Image size of job updated: 1164
	1  -  MemoryUsage of job (MB)
	636  -  ResidentSetSize of job (KB)
...
006 (103080.000.000) 06/26 18:18:12 Image size of job updated: 743724
	1  -  MemoryUsage of job (MB)
	656  -  ResidentSetSize of job (KB)
...
005 (103080.000.000) 06/26 18:18:13 Job terminated.
	(1) Normal termination (return value 0)
		Usr 0 00:01:36, Sys 0 00:00:07  -  Run Remote Usage
		Usr 0 00:00:00, Sys 0 00:00:00  -  Run Local Usage
		Usr 0 00:01:36, Sys 0 00:00:07  -  Total Remote Usage
		Usr 0 00:00:00, Sys 0 00:00:00  -  Total Local Usage
	119904  -  Run Bytes Sent By Job
	184  -  Run Bytes Received By Job
	119904  -  Total Bytes Sent By Job
	184  -  Total Bytes Received By Job
	Partitionable Resources :    Usage  Request Allocated 
	   Cpus                 :     0.80        1         1 
	   Disk (KB)            :   142    15728640  17911860 
	   Memory (MB)          :     1        2048      2100 
...
