000 (104406.000.000) 07/17 16:10:27 Job submitted from host: <10.141.225.107:9618?addrs=10.141.225.107-9618&noUDP&sock=1538_84bf_3>
...
001 (104406.000.000) 07/17 16:10:36 Job executing on host: <10.141.0.103:9618?addrs=10.141.0.103-9618&alias=node103.cm.cluster&noUDP&sock=startd_2433_6a02>
...
006 (104406.000.000) 07/17 16:10:45 Image size of job updated: 9380
	9  -  MemoryUsage of job (MB)
	8564  -  ResidentSetSize of job (KB)
...
006 (104406.000.000) 07/17 16:15:45 Image size of job updated: 645228
	177  -  MemoryUsage of job (MB)
	180536  -  ResidentSetSize of job (KB)
...
004 (104406.000.000) 07/17 16:34:21 Job was evicted.
	(0) Job was not checkpointed.
		Usr 0 00:00:57, Sys 0 00:00:07  -  Run Remote Usage
		Usr 0 00:00:00, Sys 0 00:00:00  -  Run Local Usage
	11335  -  Run Bytes Sent By Job
	184  -  Run Bytes Received By Job
	Partitionable Resources :    Usage  Request Allocated 
	   Cpus                 :        0        1         1 
	   Disk (KB)            :       36 15728640  16752100 
	   Memory (MB)          :      177     2048      2100 
...
009 (104406.000.000) 07/17 16:34:21 Job was aborted by the user.
	via condor_rm (by user levans)
...
