000 (103082.000.000) 06/26 18:49:06 Job submitted from host: <10.141.225.107:9618?addrs=10.141.225.107-9618&noUDP&sock=1538_84bf_3>
...
001 (103082.000.000) 06/26 18:49:10 Job executing on host: <10.141.0.102:9618?addrs=10.141.0.102-9618&alias=node102.cm.cluster&noUDP&sock=startd_2614_90a7>
...
006 (103082.000.000) 06/26 18:49:19 Image size of job updated: 17452
	10  -  MemoryUsage of job (MB)
	10056  -  ResidentSetSize of job (KB)
...
006 (103082.000.000) 06/26 18:54:19 Image size of job updated: 711988
	217  -  MemoryUsage of job (MB)
	221936  -  ResidentSetSize of job (KB)
...
006 (103082.000.000) 06/26 18:55:23 Image size of job updated: 771584
	217  -  MemoryUsage of job (MB)
	221936  -  ResidentSetSize of job (KB)
...
005 (103082.000.000) 06/26 18:55:23 Job terminated.
	(1) Normal termination (return value 0)
		Usr 0 00:01:58, Sys 0 00:00:06  -  Run Remote Usage
		Usr 0 00:00:00, Sys 0 00:00:00  -  Run Local Usage
		Usr 0 00:01:58, Sys 0 00:00:06  -  Total Remote Usage
		Usr 0 00:00:00, Sys 0 00:00:00  -  Total Local Usage
	119909  -  Run Bytes Sent By Job
	184  -  Run Bytes Received By Job
	119909  -  Total Bytes Sent By Job
	184  -  Total Bytes Received By Job
	Partitionable Resources :    Usage  Request Allocated 
	   Cpus                 :     0.52        1         1 
	   Disk (KB)            :   142    15728640  16709918 
	   Memory (MB)          :   217        2048      2100 
...
