000 (103422.000.000) 06/29 03:39:25 Job submitted from host: <10.141.225.107:9618?addrs=10.141.225.107-9618&noUDP&sock=1538_84bf_3>
...
001 (103422.000.000) 06/29 03:39:40 Job executing on host: <10.141.0.142:9618?addrs=10.141.0.142-9618&alias=node142.cm.cluster&noUDP&sock=startd_3523_103d>
...
006 (103422.000.000) 06/29 03:39:49 Image size of job updated: 10112
	6  -  MemoryUsage of job (MB)
	5440  -  ResidentSetSize of job (KB)
...
006 (103422.000.000) 06/29 03:43:42 Image size of job updated: 1167236
	6  -  MemoryUsage of job (MB)
	5500  -  ResidentSetSize of job (KB)
...
005 (103422.000.000) 06/29 03:43:42 Job terminated.
	(1) Normal termination (return value 0)
		Usr 0 00:02:38, Sys 0 00:00:06  -  Run Remote Usage
		Usr 0 00:00:00, Sys 0 00:00:00  -  Run Local Usage
		Usr 0 00:02:38, Sys 0 00:00:06  -  Total Remote Usage
		Usr 0 00:00:00, Sys 0 00:00:00  -  Total Local Usage
	105262  -  Run Bytes Sent By Job
	184  -  Run Bytes Received By Job
	105262  -  Total Bytes Sent By Job
	184  -  Total Bytes Received By Job
	Partitionable Resources :    Usage  Request Allocated 
	   Cpus                 :                 1         1 
	   Disk (KB)            :      122 15728640  18609380 
	   Memory (MB)          :        6     2048      2100 
...
