000 (103418.000.000) 06/29 03:22:30 Job submitted from host: <10.141.225.107:9618?addrs=10.141.225.107-9618&noUDP&sock=1538_84bf_3>
...
001 (103418.000.000) 06/29 03:23:21 Job executing on host: <10.141.0.150:9618?addrs=10.141.0.150-9618&alias=node150.cm.cluster&noUDP&sock=startd_3655_9abe>
...
006 (103418.000.000) 06/29 03:23:30 Image size of job updated: 8496
	8  -  MemoryUsage of job (MB)
	7680  -  ResidentSetSize of job (KB)
...
006 (103418.000.000) 06/29 03:28:31 Image size of job updated: 1203808
	243  -  MemoryUsage of job (MB)
	248588  -  ResidentSetSize of job (KB)
...
005 (103418.000.000) 06/29 03:29:43 Job terminated.
	(1) Normal termination (return value 0)
		Usr 0 00:02:52, Sys 0 00:00:09  -  Run Remote Usage
		Usr 0 00:00:00, Sys 0 00:00:00  -  Run Local Usage
		Usr 0 00:02:52, Sys 0 00:00:09  -  Total Remote Usage
		Usr 0 00:00:00, Sys 0 00:00:00  -  Total Local Usage
	113138  -  Run Bytes Sent By Job
	184  -  Run Bytes Received By Job
	113138  -  Total Bytes Sent By Job
	184  -  Total Bytes Received By Job
	Partitionable Resources :    Usage  Request Allocated 
	   Cpus                 :     0.96        1         1 
	   Disk (KB)            :   136    15728640  18206238 
	   Memory (MB)          :   243        2048      2100 
...
